<?xml version="1.0" encoding="UTF-8"?>
<testsuite name="com.affise.tests.Advertisers.GetAdvertiser" tests="8" skipped="0" failures="2" errors="0" timestamp="2020-02-25T14:04:12" hostname="Shmakovs-MacBook-Pro.local" time="18.769">
  <properties/>
  <testcase name="adminDenyGetAdvert" classname="com.affise.tests.Advertisers.GetAdvertiser" time="2.053">
    <failure message="java.lang.AssertionError: 1 expectation failed.&#10;Expected status code &lt;403&gt; but was &lt;200&gt;.&#10;" type="java.lang.AssertionError">java.lang.AssertionError: 1 expectation failed.
Expected status code &lt;403&gt; but was &lt;200&gt;.

	at java.base/jdk.internal.reflect.NativeConstructorAccessorImpl.newInstance0(Native Method)
	at java.base/jdk.internal.reflect.NativeConstructorAccessorImpl.newInstance(NativeConstructorAccessorImpl.java:62)
	at java.base/jdk.internal.reflect.DelegatingConstructorAccessorImpl.newInstance(DelegatingConstructorAccessorImpl.java:45)
	at java.base/java.lang.reflect.Constructor.newInstanceWithCaller(Constructor.java:500)
	at java.base/java.lang.reflect.Constructor.newInstance(Constructor.java:481)
	at org.codehaus.groovy.reflection.CachedConstructor.invoke(CachedConstructor.java:80)
	at org.codehaus.groovy.reflection.CachedConstructor.doConstructorInvoke(CachedConstructor.java:74)
	at org.codehaus.groovy.runtime.callsite.ConstructorSite$ConstructorSiteNoUnwrap.callConstructor(ConstructorSite.java:84)
	at org.codehaus.groovy.runtime.callsite.CallSiteArray.defaultCallConstructor(CallSiteArray.java:59)
	at org.codehaus.groovy.runtime.callsite.AbstractCallSite.callConstructor(AbstractCallSite.java:237)
	at org.codehaus.groovy.runtime.callsite.AbstractCallSite.callConstructor(AbstractCallSite.java:249)
	at io.restassured.internal.ResponseSpecificationImpl$HamcrestAssertionClosure.validate(ResponseSpecificationImpl.groovy:493)
	at io.restassured.internal.ResponseSpecificationImpl$HamcrestAssertionClosure$validate$1.call(Unknown Source)
	at org.codehaus.groovy.runtime.callsite.CallSiteArray.defaultCall(CallSiteArray.java:47)
	at org.codehaus.groovy.runtime.callsite.AbstractCallSite.call(AbstractCallSite.java:115)
	at org.codehaus.groovy.runtime.callsite.AbstractCallSite.call(AbstractCallSite.java:127)
	at io.restassured.internal.ResponseSpecificationImpl.validateResponseIfRequired(ResponseSpecificationImpl.groovy:674)
	at java.base/jdk.internal.reflect.NativeMethodAccessorImpl.invoke0(Native Method)
	at java.base/jdk.internal.reflect.NativeMethodAccessorImpl.invoke(NativeMethodAccessorImpl.java:62)
	at java.base/jdk.internal.reflect.DelegatingMethodAccessorImpl.invoke(DelegatingMethodAccessorImpl.java:43)
	at java.base/java.lang.reflect.Method.invoke(Method.java:567)
	at org.codehaus.groovy.runtime.callsite.PlainObjectMetaMethodSite.doInvoke(PlainObjectMetaMethodSite.java:43)
	at org.codehaus.groovy.runtime.callsite.PogoMetaMethodSite$PogoCachedMethodSiteNoUnwrapNoCoerce.invoke(PogoMetaMethodSite.java:190)
	at org.codehaus.groovy.runtime.callsite.PogoMetaMethodSite.callCurrent(PogoMetaMethodSite.java:58)
	at org.codehaus.groovy.runtime.callsite.CallSiteArray.defaultCallCurrent(CallSiteArray.java:51)
	at org.codehaus.groovy.runtime.callsite.AbstractCallSite.callCurrent(AbstractCallSite.java:156)
	at org.codehaus.groovy.runtime.callsite.AbstractCallSite.callCurrent(AbstractCallSite.java:168)
	at io.restassured.internal.ResponseSpecificationImpl.statusCode(ResponseSpecificationImpl.groovy:126)
	at io.restassured.specification.ResponseSpecification$statusCode$0.callCurrent(Unknown Source)
	at org.codehaus.groovy.runtime.callsite.CallSiteArray.defaultCallCurrent(CallSiteArray.java:51)
	at org.codehaus.groovy.runtime.callsite.AbstractCallSite.callCurrent(AbstractCallSite.java:156)
	at org.codehaus.groovy.runtime.callsite.AbstractCallSite.callCurrent(AbstractCallSite.java:168)
	at io.restassured.internal.ResponseSpecificationImpl.statusCode(ResponseSpecificationImpl.groovy:134)
	at io.restassured.internal.ValidatableResponseOptionsImpl.statusCode(ValidatableResponseOptionsImpl.java:89)
	at io.restassured.internal.ValidatableResponseImpl.super$2$statusCode(ValidatableResponseImpl.groovy)
	at java.base/jdk.internal.reflect.NativeMethodAccessorImpl.invoke0(Native Method)
	at java.base/jdk.internal.reflect.NativeMethodAccessorImpl.invoke(NativeMethodAccessorImpl.java:62)
	at java.base/jdk.internal.reflect.DelegatingMethodAccessorImpl.invoke(DelegatingMethodAccessorImpl.java:43)
	at java.base/java.lang.reflect.Method.invoke(Method.java:567)
	at org.codehaus.groovy.reflection.CachedMethod.invoke(CachedMethod.java:101)
	at groovy.lang.MetaMethod.doMethodInvoke(MetaMethod.java:323)
	at groovy.lang.MetaClassImpl.invokeMethod(MetaClassImpl.java:1217)
	at org.codehaus.groovy.runtime.ScriptBytecodeAdapter.invokeMethodOnSuperN(ScriptBytecodeAdapter.java:144)
	at io.restassured.internal.ValidatableResponseImpl.statusCode(ValidatableResponseImpl.groovy:142)
	at io.restassured.internal.ValidatableResponseImpl.statusCode(ValidatableResponseImpl.groovy)
	at com.affise.api.conditions.StatusCodeCondition.check(StatusCodeCondition.java:13)
	at com.affise.api.assertions.AssertableResponse.shouldHave(AssertableResponse.java:18)
	at com.affise.tests.Advertisers.GetAdvertiser.adminDenyGetAdvert(GetAdvertiser.java:107)
	at java.base/jdk.internal.reflect.NativeMethodAccessorImpl.invoke0(Native Method)
	at java.base/jdk.internal.reflect.NativeMethodAccessorImpl.invoke(NativeMethodAccessorImpl.java:62)
	at java.base/jdk.internal.reflect.DelegatingMethodAccessorImpl.invoke(DelegatingMethodAccessorImpl.java:43)
	at java.base/java.lang.reflect.Method.invoke(Method.java:567)
	at org.testng.internal.MethodInvocationHelper.invokeMethod(MethodInvocationHelper.java:134)
	at org.testng.internal.TestInvoker.invokeMethod(TestInvoker.java:597)
	at org.testng.internal.TestInvoker.invokeTestMethod(TestInvoker.java:173)
	at org.testng.internal.MethodRunner.runInSequence(MethodRunner.java:46)
	at org.testng.internal.TestInvoker$MethodInvocationAgent.invoke(TestInvoker.java:816)
	at org.testng.internal.TestInvoker.invokeTestMethods(TestInvoker.java:146)
	at org.testng.internal.TestMethodWorker.invokeTestMethods(TestMethodWorker.java:146)
	at org.testng.internal.TestMethodWorker.run(TestMethodWorker.java:128)
	at java.base/java.util.ArrayList.forEach(ArrayList.java:1540)
	at org.testng.TestRunner.privateRun(TestRunner.java:766)
	at org.testng.TestRunner.run(TestRunner.java:587)
	at org.testng.SuiteRunner.runTest(SuiteRunner.java:384)
	at org.testng.SuiteRunner.runSequentially(SuiteRunner.java:378)
	at org.testng.SuiteRunner.privateRun(SuiteRunner.java:337)
	at org.testng.SuiteRunner.run(SuiteRunner.java:286)
	at org.testng.SuiteRunnerWorker.runSuite(SuiteRunnerWorker.java:53)
	at org.testng.SuiteRunnerWorker.run(SuiteRunnerWorker.java:96)
	at org.testng.TestNG.runSuitesSequentially(TestNG.java:1187)
	at org.testng.TestNG.runSuitesLocally(TestNG.java:1109)
	at org.testng.TestNG.runSuites(TestNG.java:1039)
	at org.testng.TestNG.run(TestNG.java:1007)
	at org.gradle.api.internal.tasks.testing.testng.TestNGTestClassProcessor.runTests(TestNGTestClassProcessor.java:139)
	at org.gradle.api.internal.tasks.testing.testng.TestNGTestClassProcessor.stop(TestNGTestClassProcessor.java:89)
	at org.gradle.api.internal.tasks.testing.SuiteTestClassProcessor.stop(SuiteTestClassProcessor.java:61)
	at java.base/jdk.internal.reflect.NativeMethodAccessorImpl.invoke0(Native Method)
	at java.base/jdk.internal.reflect.NativeMethodAccessorImpl.invoke(NativeMethodAccessorImpl.java:62)
	at java.base/jdk.internal.reflect.DelegatingMethodAccessorImpl.invoke(DelegatingMethodAccessorImpl.java:43)
	at java.base/java.lang.reflect.Method.invoke(Method.java:567)
	at org.gradle.internal.dispatch.ReflectionDispatch.dispatch(ReflectionDispatch.java:35)
	at org.gradle.internal.dispatch.ReflectionDispatch.dispatch(ReflectionDispatch.java:24)
	at org.gradle.internal.dispatch.ContextClassLoaderDispatch.dispatch(ContextClassLoaderDispatch.java:32)
	at org.gradle.internal.dispatch.ProxyDispatchAdapter$DispatchingInvocationHandler.invoke(ProxyDispatchAdapter.java:93)
	at com.sun.proxy.$Proxy2.stop(Unknown Source)
	at org.gradle.api.internal.tasks.testing.worker.TestWorker.stop(TestWorker.java:131)
	at java.base/jdk.internal.reflect.NativeMethodAccessorImpl.invoke0(Native Method)
	at java.base/jdk.internal.reflect.NativeMethodAccessorImpl.invoke(NativeMethodAccessorImpl.java:62)
	at java.base/jdk.internal.reflect.DelegatingMethodAccessorImpl.invoke(DelegatingMethodAccessorImpl.java:43)
	at java.base/java.lang.reflect.Method.invoke(Method.java:567)
	at org.gradle.internal.dispatch.ReflectionDispatch.dispatch(ReflectionDispatch.java:35)
	at org.gradle.internal.dispatch.ReflectionDispatch.dispatch(ReflectionDispatch.java:24)
	at org.gradle.internal.remote.internal.hub.MessageHubBackedObjectConnection$DispatchWrapper.dispatch(MessageHubBackedObjectConnection.java:155)
	at org.gradle.internal.remote.internal.hub.MessageHubBackedObjectConnection$DispatchWrapper.dispatch(MessageHubBackedObjectConnection.java:137)
	at org.gradle.internal.remote.internal.hub.MessageHub$Handler.run(MessageHub.java:404)
	at org.gradle.internal.concurrent.ExecutorPolicy$CatchAndRecordFailures.onExecute(ExecutorPolicy.java:63)
	at org.gradle.internal.concurrent.ManagedExecutorImpl$1.run(ManagedExecutorImpl.java:46)
	at java.base/java.util.concurrent.ThreadPoolExecutor.runWorker(ThreadPoolExecutor.java:1128)
	at java.base/java.util.concurrent.ThreadPoolExecutor$Worker.run(ThreadPoolExecutor.java:628)
	at org.gradle.internal.concurrent.ThreadFactoryImpl$ManagedThreadRunnable.run(ThreadFactoryImpl.java:55)
	at java.base/java.lang.Thread.run(Thread.java:835)
</failure>
  </testcase>
  <testcase name="affiliateDenyGetAdvert" classname="com.affise.tests.Advertisers.GetAdvertiser" time="2.149">
    <failure message="java.lang.AssertionError: 1 expectation failed.&#10;Expected status code &lt;403&gt; but was &lt;200&gt;.&#10;" type="java.lang.AssertionError">java.lang.AssertionError: 1 expectation failed.
Expected status code &lt;403&gt; but was &lt;200&gt;.

	at java.base/jdk.internal.reflect.NativeConstructorAccessorImpl.newInstance0(Native Method)
	at java.base/jdk.internal.reflect.NativeConstructorAccessorImpl.newInstance(NativeConstructorAccessorImpl.java:62)
	at java.base/jdk.internal.reflect.DelegatingConstructorAccessorImpl.newInstance(DelegatingConstructorAccessorImpl.java:45)
	at java.base/java.lang.reflect.Constructor.newInstanceWithCaller(Constructor.java:500)
	at java.base/java.lang.reflect.Constructor.newInstance(Constructor.java:481)
	at org.codehaus.groovy.reflection.CachedConstructor.invoke(CachedConstructor.java:80)
	at org.codehaus.groovy.reflection.CachedConstructor.doConstructorInvoke(CachedConstructor.java:74)
	at org.codehaus.groovy.runtime.callsite.ConstructorSite$ConstructorSiteNoUnwrap.callConstructor(ConstructorSite.java:84)
	at org.codehaus.groovy.runtime.callsite.AbstractCallSite.callConstructor(AbstractCallSite.java:249)
	at io.restassured.internal.ResponseSpecificationImpl$HamcrestAssertionClosure.validate(ResponseSpecificationImpl.groovy:493)
	at io.restassured.internal.ResponseSpecificationImpl$HamcrestAssertionClosure$validate$1.call(Unknown Source)
	at io.restassured.internal.ResponseSpecificationImpl.validateResponseIfRequired(ResponseSpecificationImpl.groovy:674)
	at java.base/jdk.internal.reflect.NativeMethodAccessorImpl.invoke0(Native Method)
	at java.base/jdk.internal.reflect.NativeMethodAccessorImpl.invoke(NativeMethodAccessorImpl.java:62)
	at java.base/jdk.internal.reflect.DelegatingMethodAccessorImpl.invoke(DelegatingMethodAccessorImpl.java:43)
	at java.base/java.lang.reflect.Method.invoke(Method.java:567)
	at org.codehaus.groovy.runtime.callsite.PlainObjectMetaMethodSite.doInvoke(PlainObjectMetaMethodSite.java:43)
	at org.codehaus.groovy.runtime.callsite.PogoMetaMethodSite$PogoCachedMethodSiteNoUnwrapNoCoerce.invoke(PogoMetaMethodSite.java:190)
	at org.codehaus.groovy.runtime.callsite.PogoMetaMethodSite.callCurrent(PogoMetaMethodSite.java:58)
	at org.codehaus.groovy.runtime.callsite.AbstractCallSite.callCurrent(AbstractCallSite.java:168)
	at io.restassured.internal.ResponseSpecificationImpl.statusCode(ResponseSpecificationImpl.groovy:126)
	at io.restassured.specification.ResponseSpecification$statusCode$0.callCurrent(Unknown Source)
	at io.restassured.internal.ResponseSpecificationImpl.statusCode(ResponseSpecificationImpl.groovy:134)
	at io.restassured.internal.ValidatableResponseOptionsImpl.statusCode(ValidatableResponseOptionsImpl.java:89)
	at io.restassured.internal.ValidatableResponseImpl.super$2$statusCode(ValidatableResponseImpl.groovy)
	at java.base/jdk.internal.reflect.NativeMethodAccessorImpl.invoke0(Native Method)
	at java.base/jdk.internal.reflect.NativeMethodAccessorImpl.invoke(NativeMethodAccessorImpl.java:62)
	at java.base/jdk.internal.reflect.DelegatingMethodAccessorImpl.invoke(DelegatingMethodAccessorImpl.java:43)
	at java.base/java.lang.reflect.Method.invoke(Method.java:567)
	at org.codehaus.groovy.reflection.CachedMethod.invoke(CachedMethod.java:101)
	at groovy.lang.MetaMethod.doMethodInvoke(MetaMethod.java:323)
	at groovy.lang.MetaClassImpl.invokeMethod(MetaClassImpl.java:1217)
	at org.codehaus.groovy.runtime.ScriptBytecodeAdapter.invokeMethodOnSuperN(ScriptBytecodeAdapter.java:144)
	at io.restassured.internal.ValidatableResponseImpl.statusCode(ValidatableResponseImpl.groovy:142)
	at io.restassured.internal.ValidatableResponseImpl.statusCode(ValidatableResponseImpl.groovy)
	at com.affise.api.conditions.StatusCodeCondition.check(StatusCodeCondition.java:13)
	at com.affise.api.assertions.AssertableResponse.shouldHave(AssertableResponse.java:18)
	at com.affise.tests.Advertisers.GetAdvertiser.affiliateDenyGetAdvert(GetAdvertiser.java:99)
	at java.base/jdk.internal.reflect.NativeMethodAccessorImpl.invoke0(Native Method)
	at java.base/jdk.internal.reflect.NativeMethodAccessorImpl.invoke(NativeMethodAccessorImpl.java:62)
	at java.base/jdk.internal.reflect.DelegatingMethodAccessorImpl.invoke(DelegatingMethodAccessorImpl.java:43)
	at java.base/java.lang.reflect.Method.invoke(Method.java:567)
	at org.testng.internal.MethodInvocationHelper.invokeMethod(MethodInvocationHelper.java:134)
	at org.testng.internal.TestInvoker.invokeMethod(TestInvoker.java:597)
	at org.testng.internal.TestInvoker.invokeTestMethod(TestInvoker.java:173)
	at org.testng.internal.MethodRunner.runInSequence(MethodRunner.java:46)
	at org.testng.internal.TestInvoker$MethodInvocationAgent.invoke(TestInvoker.java:816)
	at org.testng.internal.TestInvoker.invokeTestMethods(TestInvoker.java:146)
	at org.testng.internal.TestMethodWorker.invokeTestMethods(TestMethodWorker.java:146)
	at org.testng.internal.TestMethodWorker.run(TestMethodWorker.java:128)
	at java.base/java.util.ArrayList.forEach(ArrayList.java:1540)
	at org.testng.TestRunner.privateRun(TestRunner.java:766)
	at org.testng.TestRunner.run(TestRunner.java:587)
	at org.testng.SuiteRunner.runTest(SuiteRunner.java:384)
	at org.testng.SuiteRunner.runSequentially(SuiteRunner.java:378)
	at org.testng.SuiteRunner.privateRun(SuiteRunner.java:337)
	at org.testng.SuiteRunner.run(SuiteRunner.java:286)
	at org.testng.SuiteRunnerWorker.runSuite(SuiteRunnerWorker.java:53)
	at org.testng.SuiteRunnerWorker.run(SuiteRunnerWorker.java:96)
	at org.testng.TestNG.runSuitesSequentially(TestNG.java:1187)
	at org.testng.TestNG.runSuitesLocally(TestNG.java:1109)
	at org.testng.TestNG.runSuites(TestNG.java:1039)
	at org.testng.TestNG.run(TestNG.java:1007)
	at org.gradle.api.internal.tasks.testing.testng.TestNGTestClassProcessor.runTests(TestNGTestClassProcessor.java:139)
	at org.gradle.api.internal.tasks.testing.testng.TestNGTestClassProcessor.stop(TestNGTestClassProcessor.java:89)
	at org.gradle.api.internal.tasks.testing.SuiteTestClassProcessor.stop(SuiteTestClassProcessor.java:61)
	at java.base/jdk.internal.reflect.NativeMethodAccessorImpl.invoke0(Native Method)
	at java.base/jdk.internal.reflect.NativeMethodAccessorImpl.invoke(NativeMethodAccessorImpl.java:62)
	at java.base/jdk.internal.reflect.DelegatingMethodAccessorImpl.invoke(DelegatingMethodAccessorImpl.java:43)
	at java.base/java.lang.reflect.Method.invoke(Method.java:567)
	at org.gradle.internal.dispatch.ReflectionDispatch.dispatch(ReflectionDispatch.java:35)
	at org.gradle.internal.dispatch.ReflectionDispatch.dispatch(ReflectionDispatch.java:24)
	at org.gradle.internal.dispatch.ContextClassLoaderDispatch.dispatch(ContextClassLoaderDispatch.java:32)
	at org.gradle.internal.dispatch.ProxyDispatchAdapter$DispatchingInvocationHandler.invoke(ProxyDispatchAdapter.java:93)
	at com.sun.proxy.$Proxy2.stop(Unknown Source)
	at org.gradle.api.internal.tasks.testing.worker.TestWorker.stop(TestWorker.java:131)
	at java.base/jdk.internal.reflect.NativeMethodAccessorImpl.invoke0(Native Method)
	at java.base/jdk.internal.reflect.NativeMethodAccessorImpl.invoke(NativeMethodAccessorImpl.java:62)
	at java.base/jdk.internal.reflect.DelegatingMethodAccessorImpl.invoke(DelegatingMethodAccessorImpl.java:43)
	at java.base/java.lang.reflect.Method.invoke(Method.java:567)
	at org.gradle.internal.dispatch.ReflectionDispatch.dispatch(ReflectionDispatch.java:35)
	at org.gradle.internal.dispatch.ReflectionDispatch.dispatch(ReflectionDispatch.java:24)
	at org.gradle.internal.remote.internal.hub.MessageHubBackedObjectConnection$DispatchWrapper.dispatch(MessageHubBackedObjectConnection.java:155)
	at org.gradle.internal.remote.internal.hub.MessageHubBackedObjectConnection$DispatchWrapper.dispatch(MessageHubBackedObjectConnection.java:137)
	at org.gradle.internal.remote.internal.hub.MessageHub$Handler.run(MessageHub.java:404)
	at org.gradle.internal.concurrent.ExecutorPolicy$CatchAndRecordFailures.onExecute(ExecutorPolicy.java:63)
	at org.gradle.internal.concurrent.ManagedExecutorImpl$1.run(ManagedExecutorImpl.java:46)
	at java.base/java.util.concurrent.ThreadPoolExecutor.runWorker(ThreadPoolExecutor.java:1128)
	at java.base/java.util.concurrent.ThreadPoolExecutor$Worker.run(ThreadPoolExecutor.java:628)
	at org.gradle.internal.concurrent.ThreadFactoryImpl$ManagedThreadRunnable.run(ThreadFactoryImpl.java:55)
	at java.base/java.lang.Thread.run(Thread.java:835)
</failure>
  </testcase>
  <testcase name="denyExceptGetAdvert" classname="com.affise.tests.Advertisers.GetAdvertiser" time="2.25"/>
  <testcase name="readExceptGetAdvert" classname="com.affise.tests.Advertisers.GetAdvertiser" time="1.558"/>
  <testcase name="readGetAdvert" classname="com.affise.tests.Advertisers.GetAdvertiser" time="3.093"/>
  <testcase name="salesDenyGetAdvert" classname="com.affise.tests.Advertisers.GetAdvertiser" time="2.092"/>
  <testcase name="writeExceptGetAdvert" classname="com.affise.tests.Advertisers.GetAdvertiser" time="2.644"/>
  <testcase name="writeGetAdvert" classname="com.affise.tests.Advertisers.GetAdvertiser" time="2.918"/>
  <system-out><![CDATA[Request URI:	http://api.dev.affise.com/3.0/admin/user
Request method:	POST
Request params:	<none>
Query params:	<none>
Form params:	password=gqmq3atwu9g
				last_name=Emmerich
				first_name=Ronny
				email=seema.yundt@gmail.com
				roles[]=ROLE_ADMIN
Path params:	<none>
Multiparts:		<none>
Headers:		API-KEY=b6f5aad864f1cc737b6d2bac20287021
				Accept=*/*
				Content-Type=application/x-www-form-urlencoded; charset=ISO-8859-1
Body:			<none>
Request URI:	http://api.dev.affise.com/3.1/user/5e55295d25c9cf309b48ac84/permissions
Request method:	POST
Request params:	<none>
Query params:	<none>
Form params:	<none>
Path params:	<none>
Multiparts:		<none>
Headers:		API-KEY=b6f5aad864f1cc737b6d2bac20287021
				Accept=*/*
				Content-Type=application/json; charset=UTF-8
Body:
{
    "permissions": {
        "users": {
            "entity-advertiser": {
                "level": "deny",
                "exceptions": {
                    
                }
            }
        }
    }
}
Request URI:	http://api.dev.affise.com/3.0/admin/advertisers
Request method:	GET
Request params:	<none>
Query params:	<none>
Form params:	<none>
Path params:	<none>
Multiparts:		<none>
Headers:		API-KEY=5f3c548975aa4ddebe143417fe397512
				Accept=*/*
Body:			<none>
Request URI:	http://api.dev.affise.com/3.0/admin/user
Request method:	POST
Request params:	<none>
Query params:	<none>
Form params:	password=kupbrnu7u
				last_name=Brakus
				first_name=Albert
				email=russell.walsh@yahoo.com
				roles[]=ROLE_MANAGER_AFFILIATE
Path params:	<none>
Multiparts:		<none>
Headers:		API-KEY=b6f5aad864f1cc737b6d2bac20287021
				Accept=*/*
				Content-Type=application/x-www-form-urlencoded; charset=ISO-8859-1
Body:			<none>
Request URI:	http://api.dev.affise.com/3.1/user/5e55295f25c9cf309b48ac85/permissions
Request method:	POST
Request params:	<none>
Query params:	<none>
Form params:	<none>
Path params:	<none>
Multiparts:		<none>
Headers:		API-KEY=b6f5aad864f1cc737b6d2bac20287021
				Accept=*/*
				Content-Type=application/json; charset=UTF-8
Body:
{
    "permissions": {
        "users": {
            "entity-advertiser": {
                "level": "deny",
                "exceptions": {
                    
                }
            }
        }
    }
}
Request URI:	http://api.dev.affise.com/3.0/admin/advertisers
Request method:	GET
Request params:	<none>
Query params:	<none>
Form params:	<none>
Path params:	<none>
Multiparts:		<none>
Headers:		API-KEY=dae47f452f54ffce87bafe38f35cf8bc
				Accept=*/*
Body:			<none>
Request URI:	http://api.dev.affise.com/3.0/admin/user
Request method:	POST
Request params:	<none>
Query params:	<none>
Form params:	password=w51wbp46vq
				last_name=Ernser
				first_name=Andrew
				email=debbie.witting@hotmail.com
				roles[]=ROLE_ADMIN
Path params:	<none>
Multiparts:		<none>
Headers:		API-KEY=b6f5aad864f1cc737b6d2bac20287021
				Accept=*/*
				Content-Type=application/x-www-form-urlencoded; charset=ISO-8859-1
Body:			<none>
Request URI:	http://api.dev.affise.com/3.1/user/5e55296125c9cf309b48ac86/permissions
Request method:	POST
Request params:	<none>
Query params:	<none>
Form params:	<none>
Path params:	<none>
Multiparts:		<none>
Headers:		API-KEY=b6f5aad864f1cc737b6d2bac20287021
				Accept=*/*
				Content-Type=application/json; charset=UTF-8
Body:
{
    "permissions": {
        "users": {
            "entity-advertiser": {
                "level": "write",
                "exceptions": {
                    "strings": {
                        "deny": [
                            "5e55295764c5f188ea5344de"
                        ]
                    }
                }
            }
        }
    }
}
Request URI:	http://api.dev.affise.com/3.0/admin/advertisers
Request method:	GET
Request params:	<none>
Query params:	<none>
Form params:	<none>
Path params:	<none>
Multiparts:		<none>
Headers:		API-KEY=32f77d5031fbb278c7024a9689d5920b
				Accept=*/*
Body:			<none>
Request URI:	http://api.dev.affise.com/3.0/admin/user
Request method:	POST
Request params:	<none>
Query params:	<none>
Form params:	password=59y4ukht90
				last_name=Batz
				first_name=Elina
				email=jeniffer.corkery@yahoo.com
				roles[]=ROLE_ADMIN
Path params:	<none>
Multiparts:		<none>
Headers:		API-KEY=b6f5aad864f1cc737b6d2bac20287021
				Accept=*/*
				Content-Type=application/x-www-form-urlencoded; charset=ISO-8859-1
Body:			<none>
Request URI:	http://api.dev.affise.com/3.1/user/5e55296325c9cf309b48ac87/permissions
Request method:	POST
Request params:	<none>
Query params:	<none>
Form params:	<none>
Path params:	<none>
Multiparts:		<none>
Headers:		API-KEY=b6f5aad864f1cc737b6d2bac20287021
				Accept=*/*
				Content-Type=application/json; charset=UTF-8
Body:
{
    "permissions": {
        "users": {
            "entity-advertiser": {
                "level": "deny",
                "exceptions": {
                    "strings": {
                        "read": [
                            "5e55295764c5f188ea5344de"
                        ]
                    }
                }
            }
        }
    }
}
Request URI:	http://api.dev.affise.com/3.0/admin/advertisers
Request method:	GET
Request params:	<none>
Query params:	<none>
Form params:	<none>
Path params:	<none>
Multiparts:		<none>
Headers:		API-KEY=563c3ec176e3c33c7f8a4f4ea85dd03f
				Accept=*/*
Body:			<none>
Request URI:	http://api.dev.affise.com/3.1/user/5e55295a25c9cf309b48ac81/permissions
Request method:	POST
Request params:	<none>
Query params:	<none>
Form params:	<none>
Path params:	<none>
Multiparts:		<none>
Headers:		API-KEY=b6f5aad864f1cc737b6d2bac20287021
				Accept=*/*
				Content-Type=application/json; charset=UTF-8
Body:
{
    "permissions": {
        "users": {
            "entity-advertiser": {
                "level": "read",
                "exceptions": {
                    
                }
            }
        }
    }
}
Request URI:	http://api.dev.affise.com/3.0/admin/advertisers
Request method:	GET
Request params:	<none>
Query params:	<none>
Form params:	<none>
Path params:	<none>
Multiparts:		<none>
Headers:		API-KEY=4fb15dd7b5787be30db24f1320ab0225
				Accept=*/*
Body:			<none>
Request URI:	http://api.dev.affise.com/3.1/user/5e55295b25c9cf309b48ac82/permissions
Request method:	POST
Request params:	<none>
Query params:	<none>
Form params:	<none>
Path params:	<none>
Multiparts:		<none>
Headers:		API-KEY=b6f5aad864f1cc737b6d2bac20287021
				Accept=*/*
				Content-Type=application/json; charset=UTF-8
Body:
{
    "permissions": {
        "users": {
            "entity-advertiser": {
                "level": "read",
                "exceptions": {
                    
                }
            }
        }
    }
}
Request URI:	http://api.dev.affise.com/3.0/admin/advertisers
Request method:	GET
Request params:	<none>
Query params:	<none>
Form params:	<none>
Path params:	<none>
Multiparts:		<none>
Headers:		API-KEY=ec74b719b89af0237d6f1a3f262f6caa
				Accept=*/*
Body:			<none>
Request URI:	http://api.dev.affise.com/3.1/user/5e55295c25c9cf309b48ac83/permissions
Request method:	POST
Request params:	<none>
Query params:	<none>
Form params:	<none>
Path params:	<none>
Multiparts:		<none>
Headers:		API-KEY=b6f5aad864f1cc737b6d2bac20287021
				Accept=*/*
				Content-Type=application/json; charset=UTF-8
Body:
{
    "permissions": {
        "users": {
            "entity-advertiser": {
                "level": "read",
                "exceptions": {
                    
                }
            }
        }
    }
}
Request URI:	http://api.dev.affise.com/3.0/admin/advertisers
Request method:	GET
Request params:	<none>
Query params:	<none>
Form params:	<none>
Path params:	<none>
Multiparts:		<none>
Headers:		API-KEY=9491425f406e28360d0a4eb22814e9bf
				Accept=*/*
Body:			<none>
Request URI:	http://api.dev.affise.com/3.0/admin/user
Request method:	POST
Request params:	<none>
Query params:	<none>
Form params:	password=56a1zol2mp
				last_name=Hettinger
				first_name=Emil
				email=shanelle.mraz@hotmail.com
				roles[]=ROLE_MANAGER_SALES
Path params:	<none>
Multiparts:		<none>
Headers:		API-KEY=b6f5aad864f1cc737b6d2bac20287021
				Accept=*/*
				Content-Type=application/x-www-form-urlencoded; charset=ISO-8859-1
Body:			<none>
Request URI:	http://api.dev.affise.com/3.1/user/5e55296825c9cf309b48ac88/permissions
Request method:	POST
Request params:	<none>
Query params:	<none>
Form params:	<none>
Path params:	<none>
Multiparts:		<none>
Headers:		API-KEY=b6f5aad864f1cc737b6d2bac20287021
				Accept=*/*
				Content-Type=application/json; charset=UTF-8
Body:
{
    "permissions": {
        "users": {
            "entity-advertiser": {
                "level": "deny",
                "exceptions": {
                    
                }
            }
        }
    }
}
Request URI:	http://api.dev.affise.com/3.0/admin/advertiser/5e55295964c5f188ea5344e0
Request method:	POST
Request params:	<none>
Query params:	<none>
Form params:	manager=5e55296825c9cf309b48ac88
Path params:	<none>
Multiparts:		<none>
Headers:		API-KEY=b6f5aad864f1cc737b6d2bac20287021
				Accept=*/*
				Content-Type=application/x-www-form-urlencoded; charset=ISO-8859-1
Body:			<none>
Request URI:	http://api.dev.affise.com/3.0/admin/advertisers
Request method:	GET
Request params:	<none>
Query params:	<none>
Form params:	<none>
Path params:	<none>
Multiparts:		<none>
Headers:		API-KEY=8f561ec5121ba3d8e02434166c98175e
				Accept=*/*
Body:			<none>
Request URI:	http://api.dev.affise.com/3.0/admin/user
Request method:	POST
Request params:	<none>
Query params:	<none>
Form params:	password=7amjlj50v
				last_name=Cruickshank
				first_name=Greg
				email=glen.kuhn@gmail.com
				roles[]=ROLE_ADMIN
Path params:	<none>
Multiparts:		<none>
Headers:		API-KEY=b6f5aad864f1cc737b6d2bac20287021
				Accept=*/*
				Content-Type=application/x-www-form-urlencoded; charset=ISO-8859-1
Body:			<none>
Request URI:	http://api.dev.affise.com/3.1/user/5e55296a25c9cf309b48ac89/permissions
Request method:	POST
Request params:	<none>
Query params:	<none>
Form params:	<none>
Path params:	<none>
Multiparts:		<none>
Headers:		API-KEY=b6f5aad864f1cc737b6d2bac20287021
				Accept=*/*
				Content-Type=application/json; charset=UTF-8
Body:
{
    "permissions": {
        "users": {
            "entity-advertiser": {
                "level": "deny",
                "exceptions": {
                    "strings": {
                        "write": [
                            "5e55295764c5f188ea5344de"
                        ]
                    }
                }
            }
        }
    }
}
Request URI:	http://api.dev.affise.com/3.0/admin/advertisers
Request method:	GET
Request params:	<none>
Query params:	<none>
Form params:	<none>
Path params:	<none>
Multiparts:		<none>
Headers:		API-KEY=af6cb5fad4c9dc941fc5e911db7925cb
				Accept=*/*
Body:			<none>
Request URI:	http://api.dev.affise.com/3.1/user/5e55295a25c9cf309b48ac81/permissions
Request method:	POST
Request params:	<none>
Query params:	<none>
Form params:	<none>
Path params:	<none>
Multiparts:		<none>
Headers:		API-KEY=b6f5aad864f1cc737b6d2bac20287021
				Accept=*/*
				Content-Type=application/json; charset=UTF-8
Body:
{
    "permissions": {
        "users": {
            "entity-advertiser": {
                "level": "write",
                "exceptions": {
                    
                }
            }
        }
    }
}
Request URI:	http://api.dev.affise.com/3.0/admin/advertisers
Request method:	GET
Request params:	<none>
Query params:	<none>
Form params:	<none>
Path params:	<none>
Multiparts:		<none>
Headers:		API-KEY=4fb15dd7b5787be30db24f1320ab0225
				Accept=*/*
Body:			<none>
Request URI:	http://api.dev.affise.com/3.1/user/5e55295b25c9cf309b48ac82/permissions
Request method:	POST
Request params:	<none>
Query params:	<none>
Form params:	<none>
Path params:	<none>
Multiparts:		<none>
Headers:		API-KEY=b6f5aad864f1cc737b6d2bac20287021
				Accept=*/*
				Content-Type=application/json; charset=UTF-8
Body:
{
    "permissions": {
        "users": {
            "entity-advertiser": {
                "level": "write",
                "exceptions": {
                    
                }
            }
        }
    }
}
Request URI:	http://api.dev.affise.com/3.0/admin/advertisers
Request method:	GET
Request params:	<none>
Query params:	<none>
Form params:	<none>
Path params:	<none>
Multiparts:		<none>
Headers:		API-KEY=ec74b719b89af0237d6f1a3f262f6caa
				Accept=*/*
Body:			<none>
Request URI:	http://api.dev.affise.com/3.1/user/5e55295c25c9cf309b48ac83/permissions
Request method:	POST
Request params:	<none>
Query params:	<none>
Form params:	<none>
Path params:	<none>
Multiparts:		<none>
Headers:		API-KEY=b6f5aad864f1cc737b6d2bac20287021
				Accept=*/*
				Content-Type=application/json; charset=UTF-8
Body:
{
    "permissions": {
        "users": {
            "entity-advertiser": {
                "level": "write",
                "exceptions": {
                    
                }
            }
        }
    }
}
Request URI:	http://api.dev.affise.com/3.0/admin/advertisers
Request method:	GET
Request params:	<none>
Query params:	<none>
Form params:	<none>
Path params:	<none>
Multiparts:		<none>
Headers:		API-KEY=9491425f406e28360d0a4eb22814e9bf
				Accept=*/*
Body:			<none>
]]></system-out>
  <system-err><![CDATA[]]></system-err>
</testsuite>
